  app.cpp
C:\temp\AuebFlix\app.cpp(137,74): warning C4305: 'argument': truncation from 'double' to 'float'
C:\temp\AuebFlix\app.cpp(166,75): warning C4305: 'argument': truncation from 'double' to 'float'
C:\temp\AuebFlix\app.cpp(171,33): warning C4267: 'initializing': conversion from 'size_t' to 'int', possible loss of data
C:\temp\AuebFlix\app.cpp(174,78): warning C4305: 'argument': truncation from 'double' to 'float'
C:\temp\AuebFlix\app.cpp(177,80): warning C4305: 'argument': truncation from 'double' to 'float'
C:\temp\AuebFlix\app.cpp(207,41): warning C4244: 'argument': conversion from 'int' to 'float', possible loss of data
C:\temp\AuebFlix\app.cpp(208,41): warning C4244: 'argument': conversion from 'int' to 'float', possible loss of data
C:\temp\AuebFlix\app.cpp(573,9): warning C4553: '==': result of expression not used; did you intend '='?
  main.cpp
  readFilmData.cpp
C:\temp\AuebFlix\readFilmData.cpp(13,10): warning C4101: 'amountText': unreferenced local variable
  searchRect.cpp
C:\temp\AuebFlix\searchRect.cpp(173,19): warning C4553: '==': result of expression not used; did you intend '='?
C:\temp\AuebFlix\searchRect.cpp(182,19): warning C4553: '==': result of expression not used; did you intend '='?
C:\temp\AuebFlix\searchRect.cpp(195,41): warning C4244: 'argument': conversion from 'int' to 'float', possible loss of data
C:\temp\AuebFlix\searchRect.cpp(196,41): warning C4244: 'argument': conversion from 'int' to 'float', possible loss of data
  Generating code
  3 of 798 functions ( 0.4%) were compiled, the rest were copied from previous compilation.
    2 functions were new in current compilation
    40 functions had inline decision re-evaluated but remain unchanged
  Finished generating code
  AuebFlix.vcxproj -> C:\temp\AuebFlix\x64\bin\AuebFlix.exe
